<?xml version="1.0" encoding="UTF-8"?>
<testsuite xmlns:xsi="http://www.w3.org/2001/XMLSchema-instance" xsi:noNamespaceSchemaLocation="https://maven.apache.org/surefire/maven-surefire-plugin/xsd/surefire-test-report.xsd" name="com.edev.trade.customer.web.CustomerMvcTest" time="4.28" tests="4" errors="0" skipped="0" failures="0">
  <properties>
[...]
</properties>
  <testcase name="testSaveAndDelete" classname="com.edev.trade.customer.web.CustomerMvcTest" time="0.779"/>
  <testcase name="testSaveAndDeleteForJsonList" classname="com.edev.trade.customer.web.CustomerMvcTest" time="1.211"/>
  <testcase name="testSaveAndDeleteWithAddress" classname="com.edev.trade.customer.web.CustomerMvcTest" time="1.116"/>
  <testcase name="testSaveAndDeleteForList" classname="com.edev.trade.customer.web.CustomerMvcTest" time="1.16"/>
</testsuite>